<?xml version="1.0" encoding="UTF-8"?>
<testng-results ignored="0" total="1" passed="1" failed="0" skipped="0">
  <reporter-output>
  </reporter-output>
  <suite started-at="2022-10-20T12:20:54 IST" name="Default suite" finished-at="2022-10-20T12:21:21 IST" duration-ms="26343">
    <groups>
    </groups>
    <test started-at="2022-10-20T12:20:54 IST" name="Default test" finished-at="2022-10-20T12:21:21 IST" duration-ms="26343">
      <class name="Tests.GetTemperature">
        <test-method is-config="true" signature="BeforeTest()[pri:0, instance:Tests.GetTemperature@429bffaa]" started-at="2022-10-20T12:20:54 IST" name="BeforeTest" finished-at="2022-10-20T12:21:06 IST" duration-ms="11637" status="PASS">
          <reporter-output>
          </reporter-output>
        </test-method> <!-- BeforeTest -->
        <test-method signature="gettemp()[pri:0, instance:Tests.GetTemperature@429bffaa]" started-at="2022-10-20T12:21:06 IST" name="gettemp" finished-at="2022-10-20T12:21:21 IST" duration-ms="14597" status="PASS">
          <reporter-output>
          </reporter-output>
        </test-method> <!-- gettemp -->
        <test-method is-config="true" signature="aftertest()[pri:0, instance:Tests.GetTemperature@429bffaa]" started-at="2022-10-20T12:21:21 IST" name="aftertest" finished-at="2022-10-20T12:21:21 IST" duration-ms="92" status="PASS">
          <reporter-output>
          </reporter-output>
        </test-method> <!-- aftertest -->
      </class> <!-- Tests.GetTemperature -->
    </test> <!-- Default test -->
  </suite> <!-- Default suite -->
</testng-results>
